i:\projects\eage\debug\obj\vc120.pdb
i:\projects\eage\debug\obj\vc120.idb
i:\projects\eage\debug\obj\timer.obj
i:\projects\eage\debug\obj\uiobject.obj
i:\projects\eage\debug\obj\gameobject.obj
i:\projects\eage\debug\obj\animationmanager.obj
i:\projects\eage\debug\obj\fontmanager.obj
i:\projects\eage\debug\obj\shaderblocktmanager.obj
i:\projects\eage\debug\obj\shadermanager.obj
i:\projects\eage\debug\obj\audiomanager.obj
i:\projects\eage\debug\obj\statemanager.obj
i:\projects\eage\debug\obj\taskmanager.obj
i:\projects\eage\debug\obj\texturemanager.obj
i:\projects\eage\debug\obj\uiobjectmanager.obj
i:\projects\eage\debug\obj\aabb.obj
i:\projects\eage\debug\obj\bsphere.obj
i:\projects\eage\debug\obj\environment.obj
i:\projects\eage\debug\obj\math.obj
i:\projects\eage\debug\obj\physicsmodule.obj
i:\projects\eage\debug\obj\resourcemodule.obj
i:\projects\eage\debug\obj\button.obj
i:\projects\eage\debug\obj\label.obj
i:\projects\eage\debug\obj\debugger.obj
i:\projects\eage\debug\obj\system.obj
i:\projects\eage\debug\obj\framebufferobject.obj
i:\projects\eage\debug\obj\renderlist.obj
i:\projects\eage\debug\obj\shaderblock.obj
i:\projects\eage\debug\obj\rendermodule.obj
i:\projects\eage\debug\obj\shaderobject.obj
i:\projects\eage\debug\obj\camera.obj
i:\projects\eage\debug\obj\efont.obj
i:\projects\eage\debug\obj\fbanimobject.obj
i:\projects\eage\debug\obj\input.obj
i:\projects\eage\debug\obj\layer.obj
i:\projects\eage\debug\obj\module.obj
i:\projects\eage\debug\obj\particlefx.obj
i:\projects\eage\debug\obj\skeletonnode.obj
i:\projects\eage\debug\obj\state.obj
i:\projects\eage\debug\eage.lib
i:\projects\eage\debug\eage.exp
i:\projects\eage\debug\eage.ilk
i:\projects\eage\debug\eage.dll
i:\projects\eage\debug\eage.pdb
i:\projects\eage\debug\obj\eage.tlog\cl.command.1.tlog
i:\projects\eage\debug\obj\eage.tlog\cl.read.1.tlog
i:\projects\eage\debug\obj\eage.tlog\cl.write.1.tlog
i:\projects\eage\debug\obj\eage.tlog\eage.write.1u.tlog
i:\projects\eage\debug\obj\eage.tlog\link.command.1.tlog
i:\projects\eage\debug\obj\eage.tlog\link.read.1.tlog
i:\projects\eage\debug\obj\eage.tlog\link.write.1.tlog
